<?xml version="1.0" encoding="UTF-8"?>
<!-- Generated by org.testng.reporters.JUnitReportReporter -->
<testsuite skipped="0" hostname="qainfotech-HP-Pro-3090-Microtower-PC" name="com.qait.DataProvider.TestClassDp" tests="12" failures="0" timestamp="08 Mar 2019 09:47:32 GMT" time="5.272" errors="0">
  <testcase name="testMethod" time="0.287" classname="com.qait.DataProvider.TestClassDp"/>
  <testcase name="testMethod" time="0.321" classname="com.qait.DataProvider.TestClassDp"/>
  <testcase name="testMethod" time="0.277" classname="com.qait.DataProvider.TestClassDp"/>
  <testcase name="testMethod" time="0.246" classname="com.qait.DataProvider.TestClassDp"/>
  <testcase name="testMethod" time="0.266" classname="com.qait.DataProvider.TestClassDp"/>
  <testcase name="testMethod" time="0.275" classname="com.qait.DataProvider.TestClassDp"/>
  <testcase name="testMethod" time="0.326" classname="com.qait.DataProvider.TestClassDp"/>
  <testcase name="Test01_launch" time="2.153" classname="com.qait.DataProvider.TestClassDp"/>
  <testcase name="testMethod" time="0.282" classname="com.qait.DataProvider.TestClassDp"/>
  <testcase name="testMethod" time="0.271" classname="com.qait.DataProvider.TestClassDp"/>
  <testcase name="testMethod" time="0.253" classname="com.qait.DataProvider.TestClassDp"/>
  <testcase name="testMethod" time="0.315" classname="com.qait.DataProvider.TestClassDp"/>
</testsuite> <!-- com.qait.DataProvider.TestClassDp -->
